17-Jul-2023 11:31:40.452 INFO [main] org.apache.catalina.startup.VersionLoggerListener.log Server version name:   Apache Tomcat/9.0.78
17-Jul-2023 11:31:40.458 INFO [main] org.apache.catalina.startup.VersionLoggerListener.log Server built:          Jul 4 2023 13:15:43 UTC
17-Jul-2023 11:31:40.458 INFO [main] org.apache.catalina.startup.VersionLoggerListener.log Server version number: 9.0.78.0
17-Jul-2023 11:31:40.458 INFO [main] org.apache.catalina.startup.VersionLoggerListener.log OS Name:               Linux
17-Jul-2023 11:31:40.458 INFO [main] org.apache.catalina.startup.VersionLoggerListener.log OS Version:            6.1.34-59.116.amzn2023.x86_64
17-Jul-2023 11:31:40.458 INFO [main] org.apache.catalina.startup.VersionLoggerListener.log Architecture:          amd64
17-Jul-2023 11:31:40.458 INFO [main] org.apache.catalina.startup.VersionLoggerListener.log Java Home:             /usr/lib/jvm/java-11-amazon-corretto.x86_64
17-Jul-2023 11:31:40.465 INFO [main] org.apache.catalina.startup.VersionLoggerListener.log JVM Version:           11.0.19+7-LTS
17-Jul-2023 11:31:40.465 INFO [main] org.apache.catalina.startup.VersionLoggerListener.log JVM Vendor:            Amazon.com Inc.
17-Jul-2023 11:31:40.465 INFO [main] org.apache.catalina.startup.VersionLoggerListener.log CATALINA_BASE:         /home/ec2-user/apache-tomcat-9.0.78
17-Jul-2023 11:31:40.465 INFO [main] org.apache.catalina.startup.VersionLoggerListener.log CATALINA_HOME:         /home/ec2-user/apache-tomcat-9.0.78
17-Jul-2023 11:31:40.485 INFO [main] org.apache.catalina.startup.VersionLoggerListener.log Command line argument: --add-opens=java.base/java.lang=ALL-UNNAMED
17-Jul-2023 11:31:40.485 INFO [main] org.apache.catalina.startup.VersionLoggerListener.log Command line argument: --add-opens=java.base/java.io=ALL-UNNAMED
17-Jul-2023 11:31:40.486 INFO [main] org.apache.catalina.startup.VersionLoggerListener.log Command line argument: --add-opens=java.base/java.util=ALL-UNNAMED
17-Jul-2023 11:31:40.486 INFO [main] org.apache.catalina.startup.VersionLoggerListener.log Command line argument: --add-opens=java.base/java.util.concurrent=ALL-UNNAMED
17-Jul-2023 11:31:40.486 INFO [main] org.apache.catalina.startup.VersionLoggerListener.log Command line argument: --add-opens=java.rmi/sun.rmi.transport=ALL-UNNAMED
17-Jul-2023 11:31:40.486 INFO [main] org.apache.catalina.startup.VersionLoggerListener.log Command line argument: -Djava.util.logging.config.file=/home/ec2-user/apache-tomcat-9.0.78/conf/logging.properties
17-Jul-2023 11:31:40.486 INFO [main] org.apache.catalina.startup.VersionLoggerListener.log Command line argument: -Djava.util.logging.manager=org.apache.juli.ClassLoaderLogManager
17-Jul-2023 11:31:40.486 INFO [main] org.apache.catalina.startup.VersionLoggerListener.log Command line argument: -Djdk.tls.ephemeralDHKeySize=2048
17-Jul-2023 11:31:40.486 INFO [main] org.apache.catalina.startup.VersionLoggerListener.log Command line argument: -Djava.protocol.handler.pkgs=org.apache.catalina.webresources
17-Jul-2023 11:31:40.486 INFO [main] org.apache.catalina.startup.VersionLoggerListener.log Command line argument: -Dorg.apache.catalina.security.SecurityListener.UMASK=0027
17-Jul-2023 11:31:40.486 INFO [main] org.apache.catalina.startup.VersionLoggerListener.log Command line argument: -Dignore.endorsed.dirs=
17-Jul-2023 11:31:40.486 INFO [main] org.apache.catalina.startup.VersionLoggerListener.log Command line argument: -Dcatalina.base=/home/ec2-user/apache-tomcat-9.0.78
17-Jul-2023 11:31:40.487 INFO [main] org.apache.catalina.startup.VersionLoggerListener.log Command line argument: -Dcatalina.home=/home/ec2-user/apache-tomcat-9.0.78
17-Jul-2023 11:31:40.487 INFO [main] org.apache.catalina.startup.VersionLoggerListener.log Command line argument: -Djava.io.tmpdir=/home/ec2-user/apache-tomcat-9.0.78/temp
17-Jul-2023 11:31:40.488 INFO [main] org.apache.catalina.core.AprLifecycleListener.lifecycleEvent The Apache Tomcat Native library which allows using OpenSSL was not found on the java.library.path: [/usr/java/packages/lib:/usr/lib64:/lib64:/lib:/usr/lib]
17-Jul-2023 11:31:41.316 INFO [main] org.apache.coyote.AbstractProtocol.init Initializing ProtocolHandler ["http-nio-8080"]
17-Jul-2023 11:31:41.395 INFO [main] org.apache.catalina.startup.Catalina.load Server initialization in [1418] milliseconds
17-Jul-2023 11:31:41.544 INFO [main] org.apache.catalina.core.StandardService.startInternal Starting service [Catalina]
17-Jul-2023 11:31:41.545 INFO [main] org.apache.catalina.core.StandardEngine.startInternal Starting Servlet engine: [Apache Tomcat/9.0.78]
17-Jul-2023 11:31:41.572 INFO [main] org.apache.catalina.startup.HostConfig.deployWAR Deploying web application archive [/home/ec2-user/apache-tomcat-9.0.78/webapps/sample.war]
17-Jul-2023 11:31:42.285 INFO [main] org.apache.catalina.startup.HostConfig.deployWAR Deployment of web application archive [/home/ec2-user/apache-tomcat-9.0.78/webapps/sample.war] has finished in [711] ms
17-Jul-2023 11:31:42.285 INFO [main] org.apache.catalina.startup.HostConfig.deployDirectory Deploying web application directory [/home/ec2-user/apache-tomcat-9.0.78/webapps/ROOT]
17-Jul-2023 11:31:42.337 INFO [main] org.apache.catalina.startup.HostConfig.deployDirectory Deployment of web application directory [/home/ec2-user/apache-tomcat-9.0.78/webapps/ROOT] has finished in [52] ms
17-Jul-2023 11:31:42.339 INFO [main] org.apache.catalina.startup.HostConfig.deployDirectory Deploying web application directory [/home/ec2-user/apache-tomcat-9.0.78/webapps/docs]
17-Jul-2023 11:31:42.389 INFO [main] org.apache.catalina.startup.HostConfig.deployDirectory Deployment of web application directory [/home/ec2-user/apache-tomcat-9.0.78/webapps/docs] has finished in [39] ms
17-Jul-2023 11:31:42.390 INFO [main] org.apache.catalina.startup.HostConfig.deployDirectory Deploying web application directory [/home/ec2-user/apache-tomcat-9.0.78/webapps/examples]
17-Jul-2023 11:31:42.873 INFO [main] org.apache.catalina.startup.HostConfig.deployDirectory Deployment of web application directory [/home/ec2-user/apache-tomcat-9.0.78/webapps/examples] has finished in [480] ms
17-Jul-2023 11:31:42.873 INFO [main] org.apache.catalina.startup.HostConfig.deployDirectory Deploying web application directory [/home/ec2-user/apache-tomcat-9.0.78/webapps/host-manager]
17-Jul-2023 11:31:42.920 INFO [main] org.apache.catalina.startup.HostConfig.deployDirectory Deployment of web application directory [/home/ec2-user/apache-tomcat-9.0.78/webapps/host-manager] has finished in [47] ms
17-Jul-2023 11:31:42.921 INFO [main] org.apache.catalina.startup.HostConfig.deployDirectory Deploying web application directory [/home/ec2-user/apache-tomcat-9.0.78/webapps/manager]
17-Jul-2023 11:31:42.971 INFO [main] org.apache.catalina.startup.HostConfig.deployDirectory Deployment of web application directory [/home/ec2-user/apache-tomcat-9.0.78/webapps/manager] has finished in [50] ms
17-Jul-2023 11:31:42.980 INFO [main] org.apache.coyote.AbstractProtocol.start Starting ProtocolHandler ["http-nio-8080"]
17-Jul-2023 11:31:43.016 INFO [main] org.apache.catalina.startup.Catalina.start Server startup in [1620] milliseconds
